[debug] [2023-12-01T02:27:27.800Z] ----------------------------------------------------------------------
[debug] [2023-12-01T02:27:27.801Z] Command:       /opt/homebrew/Cellar/node/18.7.0/bin/node /opt/homebrew/bin/firebase init
[debug] [2023-12-01T02:27:27.801Z] CLI Version:   12.9.1
[debug] [2023-12-01T02:27:27.801Z] Platform:      darwin
[debug] [2023-12-01T02:27:27.802Z] Node Version:  v18.7.0
[debug] [2023-12-01T02:27:27.802Z] Time:          Fri Dec 01 2023 07:57:27 GMT+0530 (India Standard Time)
[debug] [2023-12-01T02:27:27.802Z] ----------------------------------------------------------------------
[debug] 
[debug] [2023-12-01T02:27:27.854Z] > command requires scopes: ["email","openid","https://www.googleapis.com/auth/cloudplatformprojects.readonly","https://www.googleapis.com/auth/firebase","https://www.googleapis.com/auth/cloud-platform"]
[debug] [2023-12-01T02:27:27.855Z] > authorizing via signed-in user (pavan.gautham17@gmail.com)
[info] 
     ######## #### ########  ######## ########     ###     ######  ########
     ##        ##  ##     ## ##       ##     ##  ##   ##  ##       ##
     ######    ##  ########  ######   ########  #########  ######  ######
     ##        ##  ##    ##  ##       ##     ## ##     ##       ## ##
     ##       #### ##     ## ######## ########  ##     ##  ######  ########

You're about to initialize a Firebase project in this directory:

  /Users/pavangautham/Desktop/su-ma

Before we get started, keep in mind:

  * You are initializing within an existing Firebase project directory

[info] 
=== Project Setup
[info] 
[info] First, let's associate this project directory with a Firebase project.
[info] You can create multiple project aliases by running firebase use --add, 
[info] but for now we'll just set up a default project.
[info] 
[debug] [2023-12-01T02:28:31.074Z] Using project from CLI flag: sumadhwa-matrimony
[debug] [2023-12-01T02:28:31.078Z] >>> [apiv2][query] GET https://firebase.googleapis.com/v1beta1/projects/sumadhwa-matrimony [none]
[debug] [2023-12-01T02:28:31.660Z] <<< [apiv2][status] GET https://firebase.googleapis.com/v1beta1/projects/sumadhwa-matrimony 200
[debug] [2023-12-01T02:28:31.660Z] <<< [apiv2][body] GET https://firebase.googleapis.com/v1beta1/projects/sumadhwa-matrimony {"projectId":"sumadhwa-matrimony","projectNumber":"612789316275","displayName":"Sumadhwa Matrimony","name":"projects/sumadhwa-matrimony","resources":{"hostingSite":"sumadhwa-matrimony","realtimeDatabaseInstance":"sumadhwa-matrimony-default-rtdb","storageBucket":"sumadhwa-matrimony.appspot.com","locationId":"us-central"},"state":"ACTIVE","etag":"1_39c46e41-8c39-4c86-bdf0-ed409254ea8e"}
[info] i  Using project sumadhwa-matrimony (Sumadhwa Matrimony) 
[info] 
=== Hosting Setup
[debug] [2023-12-01T02:28:31.670Z] >>> [apiv2][query] GET https://firebase.googleapis.com/v1beta1/projects/sumadhwa-matrimony [none]
[debug] [2023-12-01T02:28:32.937Z] <<< [apiv2][status] GET https://firebase.googleapis.com/v1beta1/projects/sumadhwa-matrimony 200
[debug] [2023-12-01T02:28:32.937Z] <<< [apiv2][body] GET https://firebase.googleapis.com/v1beta1/projects/sumadhwa-matrimony {"projectId":"sumadhwa-matrimony","projectNumber":"612789316275","displayName":"Sumadhwa Matrimony","name":"projects/sumadhwa-matrimony","resources":{"hostingSite":"sumadhwa-matrimony","realtimeDatabaseInstance":"sumadhwa-matrimony-default-rtdb","storageBucket":"sumadhwa-matrimony.appspot.com","locationId":"us-central"},"state":"ACTIVE","etag":"1_39c46e41-8c39-4c86-bdf0-ed409254ea8e"}
[info] 
[info] Your public directory is the folder (relative to your project directory) that
[info] will contain Hosting assets to be uploaded with firebase deploy. If you
[info] have a build process for your assets, use your build's output directory.
[info] 
[debug] [2023-12-01T02:28:51.495Z] >>> [apiv2][query] GET https://www.gstatic.com/firebasejs/releases.json [none]
[debug] [2023-12-01T02:28:51.730Z] <<< [apiv2][status] GET https://www.gstatic.com/firebasejs/releases.json 200
[debug] [2023-12-01T02:28:51.730Z] <<< [apiv2][body] GET https://www.gstatic.com/firebasejs/releases.json {"current":{"version":"10.7.0","browserURL":"https://www.gstatic.com/firebasejs/10.7.0/firebase.js","packageURL":"https://www.gstatic.com/firebasejs/10.7.0/firebase.tgz"},"live":{"version":"10.7","browserURL":"https://www.gstatic.com/firebasejs/live/10.7/firebase.js","packageURL":"https://www.gstatic.com/firebasejs/live/10.7/firebase.tgz"},"components":{"analytics":"https://www.gstatic.com/firebasejs/10.7.0/firebase-analytics.js","app":"https://www.gstatic.com/firebasejs/10.7.0/firebase-app.js","app-check":"https://www.gstatic.com/firebasejs/10.7.0/firebase-app-check.js","auth":"https://www.gstatic.com/firebasejs/10.7.0/firebase-auth.js","auth/cordova":"https://www.gstatic.com/firebasejs/10.7.0/firebase-auth/cordova.js","functions":"https://www.gstatic.com/firebasejs/10.7.0/firebase-functions.js","firestore":"https://www.gstatic.com/firebasejs/10.7.0/firebase-firestore.js","firestore/lite":"https://www.gstatic.com/firebasejs/10.7.0/firebase-firestore/lite.js","installations":"https://www.gstatic.com/firebasejs/10.7.0/firebase-installations.js","storage":"https://www.gstatic.com/firebasejs/10.7.0/firebase-storage.js","performance":"https://www.gstatic.com/firebasejs/10.7.0/firebase-performance.js","remote-config":"https://www.gstatic.com/firebasejs/10.7.0/firebase-remote-config.js","messaging":"https://www.gstatic.com/firebasejs/10.7.0/firebase-messaging.js","messaging/sw":"https://www.gstatic.com/firebasejs/10.7.0/firebase-messaging/sw.js","database":"https://www.gstatic.com/firebasejs/10.7.0/firebase-database.js","firestore.memory":"https://www.gstatic.com/firebasejs/10.7.0/firebase-firestore.memory.js"}}
[info] ✔  Wrote y/index.html 
[info] 
[info] i  Detected a .git folder at /Users/pavangautham/Desktop 
[info] i  Authorizing with GitHub to upload your service account to a GitHub repository's secrets store. 
[info] 
[info] Visit this URL on this device to log in:
[info] https://github.com/login/oauth/authorize?client_id=89cf50f02ac6aaed3484&state=467396228&redirect_uri=http%3A%2F%2Flocalhost%3A9005&scope=read%3Auser%20repo%20public_repo
[info] 
[info] Waiting for authentication...
[debug] [2023-12-01T02:36:28.446Z] >>> [apiv2][query] POST https://github.com/login/oauth/access_token [none]
[debug] [2023-12-01T02:36:28.448Z] >>> [apiv2][body] POST https://github.com/login/oauth/access_token [stream]
[debug] [2023-12-01T02:36:28.875Z] <<< [apiv2][status] POST https://github.com/login/oauth/access_token 200
[debug] [2023-12-01T02:36:28.876Z] <<< [apiv2][body] POST https://github.com/login/oauth/access_token {"access_token":"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","token_type":"bearer","scope":"read:user,repo"}
[debug] [2023-12-01T02:36:28.886Z] >>> [apiv2][query] GET https://api.github.com/user [none]
[debug] [2023-12-01T02:36:29.262Z] <<< [apiv2][status] GET https://api.github.com/user 200
[debug] [2023-12-01T02:36:29.262Z] <<< [apiv2][body] GET https://api.github.com/user {"login":"pavangautham","id":45659442,"node_id":"MDQ6VXNlcjQ1NjU5NDQy","avatar_url":"https://avatars.githubusercontent.com/u/45659442?v=4","gravatar_id":"","url":"https://api.github.com/users/pavangautham","html_url":"https://github.com/pavangautham","followers_url":"https://api.github.com/users/pavangautham/followers","following_url":"https://api.github.com/users/pavangautham/following{/other_user}","gists_url":"https://api.github.com/users/pavangautham/gists{/gist_id}","starred_url":"https://api.github.com/users/pavangautham/starred{/owner}{/repo}","subscriptions_url":"https://api.github.com/users/pavangautham/subscriptions","organizations_url":"https://api.github.com/users/pavangautham/orgs","repos_url":"https://api.github.com/users/pavangautham/repos","events_url":"https://api.github.com/users/pavangautham/events{/privacy}","received_events_url":"https://api.github.com/users/pavangautham/received_events","type":"User","site_admin":false,"name":"Pavangautham","company":null,"blog":"","location":null,"email":null,"hireable":null,"bio":null,"twitter_username":null,"public_repos":12,"public_gists":0,"followers":3,"following":1,"created_at":"2018-12-06T12:01:23Z","updated_at":"2023-01-02T06:57:19Z","private_gists":0,"total_private_repos":0,"owned_private_repos":0,"disk_usage":45425,"collaborators":0,"two_factor_authentication":true,"plan":{"name":"free","space":976562499,"collaborators":0,"private_repos":10000}}
[info] 
[info] ✔  Success! Logged into GitHub as pavangautham 
[info] 
[debug] [2023-12-01T02:37:29.979Z] >>> [apiv2][query] GET https://api.github.com/repos//actions/secrets/public-key type=owner
[debug] [2023-12-01T02:37:30.382Z] <<< [apiv2][status] GET https://api.github.com/repos//actions/secrets/public-key 404
[debug] [2023-12-01T02:37:30.382Z] <<< [apiv2][body] GET https://api.github.com/repos//actions/secrets/public-key {"message":"Not Found","documentation_url":"https://docs.github.com/rest"}
[info] 
[info] 
[error] ⚠  The provided authorization cannot be used with this repository. If this repository is in an organization, did you remember to grant access? 
[info] 
[info] i  Action required: Visit this URL to ensure access has been granted to the appropriate organization(s) for the Firebase CLI GitHub OAuth App: 
[info] https://github.com/settings/connections/applications/89cf50f02ac6aaed3484
[info] 
